<?xml version="1.0" encoding="UTF-8"?>
<testng-results ignored="0" total="1" passed="1" failed="0" skipped="0">
  <reporter-output>
  </reporter-output>
  <suite started-at="2021-04-27T13:15:18Z" name="Default suite" finished-at="2021-04-27T13:15:41Z" duration-ms="23268">
    <groups>
    </groups>
    <test started-at="2021-04-27T13:15:18Z" name="Default test" finished-at="2021-04-27T13:15:41Z" duration-ms="23268">
      <class name="org.amazon.AmazonTestng">
        <test-method is-config="true" signature="browser()[pri:0, instance:org.amazon.AmazonTestng@48075da3]" started-at="2021-04-27T13:15:18Z" name="browser" finished-at="2021-04-27T13:15:22Z" duration-ms="4696" status="PASS">
          <reporter-output>
          </reporter-output>
        </test-method> <!-- browser -->
        <test-method signature="tc1()[pri:0, instance:org.amazon.AmazonTestng@48075da3]" started-at="2021-04-27T13:15:22Z" name="tc1" finished-at="2021-04-27T13:15:41Z" duration-ms="18530" status="PASS">
          <reporter-output>
          </reporter-output>
        </test-method> <!-- tc1 -->
      </class> <!-- org.amazon.AmazonTestng -->
    </test> <!-- Default test -->
  </suite> <!-- Default suite -->
</testng-results>
